{"level":"info","message":"Connected!","timestamp":"2023-11-30T17:59:10.959Z"}
{"level":"info","message":"MySQL connection released.","timestamp":"2023-11-30T17:59:11.557Z"}
{"level":"info","message":"Connection pool closed.","timestamp":"2023-11-30T17:59:11.558Z"}
{"level":"info","message":"Connected!","timestamp":"2023-11-30T18:02:02.533Z"}
{"level":"info","message":"Inserted new record with image_id: 111500798461367378","timestamp":"2023-11-30T18:02:03.183Z"}
{"level":"info","message":"Inserted new record with image_id: 111500562630476522","timestamp":"2023-11-30T18:02:03.186Z"}
{"level":"info","message":"Inserted new record with image_id: 111500326663116064","timestamp":"2023-11-30T18:02:03.187Z"}
{"level":"info","message":"Inserted new record with image_id: 111500090625048108","timestamp":"2023-11-30T18:02:03.190Z"}
{"level":"info","message":"Inserted new record with image_id: 111499854767359136","timestamp":"2023-11-30T18:02:03.192Z"}
{"level":"info","message":"MySQL connection released.","timestamp":"2023-11-30T18:02:03.193Z"}
{"level":"info","message":"Connection pool closed.","timestamp":"2023-11-30T18:02:03.194Z"}
{"level":"info","message":"Connected!","timestamp":"2023-11-30T18:05:25.391Z"}
{"level":"info","message":"Inserted new record with image_id: 111500798461367378","timestamp":"2023-11-30T18:05:27.106Z"}
{"level":"info","message":"Inserted new record with image_id: 111500562630476522","timestamp":"2023-11-30T18:05:27.109Z"}
{"level":"info","message":"Inserted new record with image_id: 111500326663116064","timestamp":"2023-11-30T18:05:27.111Z"}
{"level":"info","message":"Inserted new record with image_id: 111500090625048108","timestamp":"2023-11-30T18:05:27.113Z"}
{"level":"info","message":"Inserted new record with image_id: 111499854767359136","timestamp":"2023-11-30T18:05:27.116Z"}
{"level":"info","message":"MySQL connection released.","timestamp":"2023-11-30T18:05:27.116Z"}
{"level":"info","message":"Connection pool closed.","timestamp":"2023-11-30T18:05:27.118Z"}
{"level":"info","message":"Read Timeline Bot Started","timestamp":"2023-11-30T18:15:57.186Z"}
{"level":"info","message":"Fetching image list from the home timeline...","timestamp":"2023-11-30T18:15:57.207Z"}
{"level":"info","message":"Connected!","timestamp":"2023-11-30T18:15:57.508Z"}
{"level":"info","message":"MySQL connection released.","timestamp":"2023-11-30T18:15:58.016Z"}
{"level":"info","message":"Connection pool closed.","timestamp":"2023-11-30T18:15:58.018Z"}
{"0":{"imageId":"111500798461367378","imageUrl":"https://files.mastodon.social/cache/media_attachments/files/111/500/798/461/367/378/original/0067e1ad3fde7d2e.jpeg"},"1":{"imageId":"111500562630476522","imageUrl":"https://files.mastodon.social/cache/media_attachments/files/111/500/562/630/476/522/original/864621d66de280cb.jpeg"},"2":{"imageId":"111500326663116064","imageUrl":"https://files.mastodon.social/cache/media_attachments/files/111/500/326/663/116/064/original/2bd02538c182d308.jpeg"},"3":{"imageId":"111500090625048108","imageUrl":"https://files.mastodon.social/cache/media_attachments/files/111/500/090/625/048/108/original/2d3bfcde6778af0a.jpeg"},"4":{"imageId":"111499854767359136","imageUrl":"https://files.mastodon.social/cache/media_attachments/files/111/499/854/767/359/136/original/4adb9a9fe4db0eb8.jpeg"},"level":"info","message":"Image list fetched successfully:","timestamp":"2023-11-30T18:15:58.436Z"}
{"level":"info","message":"Read Timeline Bot Started","timestamp":"2023-11-30T18:25:59.122Z"}
{"level":"info","message":"Fetching image list from the home timeline...","timestamp":"2023-11-30T18:25:59.144Z"}
{"level":"info","message":"Connected!","timestamp":"2023-11-30T18:25:59.460Z"}
{"level":"info","message":"MySQL connection released.","timestamp":"2023-11-30T18:26:00.194Z"}
{"level":"info","message":"Connection pool closed.","timestamp":"2023-11-30T18:26:00.196Z"}
{"0":{"imageId":"111500798461367378","imageUrl":"https://files.mastodon.social/cache/media_attachments/files/111/500/798/461/367/378/original/0067e1ad3fde7d2e.jpeg"},"1":{"imageId":"111500562630476522","imageUrl":"https://files.mastodon.social/cache/media_attachments/files/111/500/562/630/476/522/original/864621d66de280cb.jpeg"},"2":{"imageId":"111500326663116064","imageUrl":"https://files.mastodon.social/cache/media_attachments/files/111/500/326/663/116/064/original/2bd02538c182d308.jpeg"},"3":{"imageId":"111500090625048108","imageUrl":"https://files.mastodon.social/cache/media_attachments/files/111/500/090/625/048/108/original/2d3bfcde6778af0a.jpeg"},"4":{"imageId":"111499854767359136","imageUrl":"https://files.mastodon.social/cache/media_attachments/files/111/499/854/767/359/136/original/4adb9a9fe4db0eb8.jpeg"},"level":"info","message":"Image list fetched successfully:","timestamp":"2023-11-30T18:26:00.595Z"}
{"level":"info","message":"Read Timeline Bot Started","timestamp":"2023-11-30T18:26:53.083Z"}
{"level":"info","message":"Fetching image list from the home timeline...","timestamp":"2023-11-30T18:26:53.105Z"}
{"level":"info","message":"Connected!","timestamp":"2023-11-30T18:26:53.441Z"}
{"level":"info","message":"MySQL connection released.","timestamp":"2023-11-30T18:26:54.139Z"}
{"level":"info","message":"Connection pool closed.","timestamp":"2023-11-30T18:26:54.141Z"}
{"0":{"imageId":"111500798461367378","imageUrl":"https://files.mastodon.social/cache/media_attachments/files/111/500/798/461/367/378/original/0067e1ad3fde7d2e.jpeg"},"1":{"imageId":"111500562630476522","imageUrl":"https://files.mastodon.social/cache/media_attachments/files/111/500/562/630/476/522/original/864621d66de280cb.jpeg"},"2":{"imageId":"111500326663116064","imageUrl":"https://files.mastodon.social/cache/media_attachments/files/111/500/326/663/116/064/original/2bd02538c182d308.jpeg"},"3":{"imageId":"111500090625048108","imageUrl":"https://files.mastodon.social/cache/media_attachments/files/111/500/090/625/048/108/original/2d3bfcde6778af0a.jpeg"},"4":{"imageId":"111499854767359136","imageUrl":"https://files.mastodon.social/cache/media_attachments/files/111/499/854/767/359/136/original/4adb9a9fe4db0eb8.jpeg"},"level":"info","message":"Image list fetched successfully:","timestamp":"2023-11-30T18:26:55.255Z"}
{"0":{"flag":0,"image_id":"111499854767359136","image_url":"https://files.mastodon.social/cache/media_attachments/files/111/499/854/767/359/136/original/4adb9a9fe4db0eb8.jpeg"},"1":{"flag":0,"image_id":"111500090625048108","image_url":"https://files.mastodon.social/cache/media_attachments/files/111/500/090/625/048/108/original/2d3bfcde6778af0a.jpeg"},"2":{"flag":0,"image_id":"111500326663116064","image_url":"https://files.mastodon.social/cache/media_attachments/files/111/500/326/663/116/064/original/2bd02538c182d308.jpeg"},"3":{"flag":0,"image_id":"111500562630476522","image_url":"https://files.mastodon.social/cache/media_attachments/files/111/500/562/630/476/522/original/864621d66de280cb.jpeg"},"4":{"flag":0,"image_id":"111500798461367378","image_url":"https://files.mastodon.social/cache/media_attachments/files/111/500/798/461/367/378/original/0067e1ad3fde7d2e.jpeg"},"level":"info","message":"Data Read:","timestamp":"2023-11-30T18:53:30.944Z"}
{"0":{"flag":0,"image_id":"111499854767359136","image_url":"https://files.mastodon.social/cache/media_attachments/files/111/499/854/767/359/136/original/4adb9a9fe4db0eb8.jpeg"},"1":{"flag":0,"image_id":"111500090625048108","image_url":"https://files.mastodon.social/cache/media_attachments/files/111/500/090/625/048/108/original/2d3bfcde6778af0a.jpeg"},"2":{"flag":0,"image_id":"111500326663116064","image_url":"https://files.mastodon.social/cache/media_attachments/files/111/500/326/663/116/064/original/2bd02538c182d308.jpeg"},"3":{"flag":0,"image_id":"111500562630476522","image_url":"https://files.mastodon.social/cache/media_attachments/files/111/500/562/630/476/522/original/864621d66de280cb.jpeg"},"4":{"flag":0,"image_id":"111500798461367378","image_url":"https://files.mastodon.social/cache/media_attachments/files/111/500/798/461/367/378/original/0067e1ad3fde7d2e.jpeg"},"level":"info","message":"Data Read:","timestamp":"2023-11-30T18:55:47.046Z"}
{"level":"info","message":"Image downloaded successfully: OutputImages/111500090625048108.png","timestamp":"2023-11-30T18:55:47.916Z"}
{"level":"info","message":"Image downloaded successfully: OutputImages/111499854767359136.png","timestamp":"2023-11-30T18:55:48.377Z"}
{"level":"info","message":"Image downloaded successfully: OutputImages/111500562630476522.png","timestamp":"2023-11-30T18:55:48.721Z"}
{"level":"info","message":"Image downloaded successfully: OutputImages/111500326663116064.png","timestamp":"2023-11-30T18:55:49.178Z"}
{"level":"info","message":"Image downloaded successfully: OutputImages/111500798461367378.png","timestamp":"2023-11-30T18:55:50.258Z"}
{"level":"info","message":"Image Bot Started","timestamp":"2023-11-30T19:25:24.100Z"}
{"level":"info","message":"Read Timeline Bot Started","timestamp":"2023-11-30T19:42:56.058Z"}
{"level":"info","message":"Fetching image list from the home timeline...","timestamp":"2023-11-30T19:42:56.071Z"}
{"level":"info","message":"Connected!","timestamp":"2023-11-30T19:42:56.335Z"}
{"level":"info","message":"Inserted new record with image_id: 111501034482335842","timestamp":"2023-11-30T19:42:57.354Z"}
{"level":"info","message":"Inserted new record with image_id: 111500798461367378","timestamp":"2023-11-30T19:42:57.358Z"}
{"level":"info","message":"Inserted new record with image_id: 111500562630476522","timestamp":"2023-11-30T19:42:57.360Z"}
{"level":"info","message":"Inserted new record with image_id: 111500326663116064","timestamp":"2023-11-30T19:42:57.363Z"}
{"level":"info","message":"Inserted new record with image_id: 111500090625048108","timestamp":"2023-11-30T19:42:57.364Z"}
{"level":"info","message":"Inserted new record with image_id: 111499854767359136","timestamp":"2023-11-30T19:42:57.366Z"}
{"level":"info","message":"Inserted new record with image_id: 111499618790940048","timestamp":"2023-11-30T19:42:57.369Z"}
{"level":"info","message":"Inserted new record with image_id: 111499384863537542","timestamp":"2023-11-30T19:42:57.371Z"}
{"level":"info","message":"Inserted new record with image_id: 111499147106372870","timestamp":"2023-11-30T19:42:57.373Z"}
{"level":"info","message":"Inserted new record with image_id: 111498911009731882","timestamp":"2023-11-30T19:42:57.375Z"}
{"level":"info","message":"Inserted new record with image_id: 111498675259699154","timestamp":"2023-11-30T19:42:57.377Z"}
{"level":"info","message":"Inserted new record with image_id: 111498439203706330","timestamp":"2023-11-30T19:42:57.379Z"}
{"level":"info","message":"Inserted new record with image_id: 111498203389655475","timestamp":"2023-11-30T19:42:57.380Z"}
{"level":"info","message":"MySQL connection released.","timestamp":"2023-11-30T19:42:57.380Z"}
{"level":"info","message":"Connection pool closed.","timestamp":"2023-11-30T19:42:57.381Z"}
{"0":{"imageId":"111501034482335842","imageUrl":"https://files.mastodon.social/cache/media_attachments/files/111/501/034/482/335/842/original/ae9f573126e9a890.jpeg"},"1":{"imageId":"111500798461367378","imageUrl":"https://files.mastodon.social/cache/media_attachments/files/111/500/798/461/367/378/original/0067e1ad3fde7d2e.jpeg"},"10":{"imageId":"111498675259699154","imageUrl":"https://files.mastodon.social/cache/media_attachments/files/111/498/675/259/699/154/original/7937a4b145267108.jpeg"},"11":{"imageId":"111498439203706330","imageUrl":"https://files.mastodon.social/cache/media_attachments/files/111/498/439/203/706/330/original/a8944aa52a8bcdd9.jpeg"},"12":{"imageId":"111498203389655475","imageUrl":"https://files.mastodon.social/cache/media_attachments/files/111/498/203/389/655/475/original/5844f17621a1b0a1.jpeg"},"2":{"imageId":"111500562630476522","imageUrl":"https://files.mastodon.social/cache/media_attachments/files/111/500/562/630/476/522/original/864621d66de280cb.jpeg"},"3":{"imageId":"111500326663116064","imageUrl":"https://files.mastodon.social/cache/media_attachments/files/111/500/326/663/116/064/original/2bd02538c182d308.jpeg"},"4":{"imageId":"111500090625048108","imageUrl":"https://files.mastodon.social/cache/media_attachments/files/111/500/090/625/048/108/original/2d3bfcde6778af0a.jpeg"},"5":{"imageId":"111499854767359136","imageUrl":"https://files.mastodon.social/cache/media_attachments/files/111/499/854/767/359/136/original/4adb9a9fe4db0eb8.jpeg"},"6":{"imageId":"111499618790940048","imageUrl":"https://files.mastodon.social/cache/media_attachments/files/111/499/618/790/940/048/original/ae3360b5e547f4c6.jpeg"},"7":{"imageId":"111499384863537542","imageUrl":"https://files.mastodon.social/cache/media_attachments/files/111/499/384/863/537/542/original/26624343b8760ff0.jpeg"},"8":{"imageId":"111499147106372870","imageUrl":"https://files.mastodon.social/cache/media_attachments/files/111/499/147/106/372/870/original/c31688d234a436b0.jpeg"},"9":{"imageId":"111498911009731882","imageUrl":"https://files.mastodon.social/cache/media_attachments/files/111/498/911/009/731/882/original/dff3f8864d0491b5.jpeg"},"level":"info","message":"Image list fetched successfully:","timestamp":"2023-11-30T19:42:58.424Z"}
{"0":{"flag":0,"image_id":"111498203389655475","image_url":"https://files.mastodon.social/cache/media_attachments/files/111/498/203/389/655/475/original/5844f17621a1b0a1.jpeg"},"1":{"flag":0,"image_id":"111498439203706330","image_url":"https://files.mastodon.social/cache/media_attachments/files/111/498/439/203/706/330/original/a8944aa52a8bcdd9.jpeg"},"10":{"flag":0,"image_id":"111500562630476522","image_url":"https://files.mastodon.social/cache/media_attachments/files/111/500/562/630/476/522/original/864621d66de280cb.jpeg"},"11":{"flag":0,"image_id":"111500798461367378","image_url":"https://files.mastodon.social/cache/media_attachments/files/111/500/798/461/367/378/original/0067e1ad3fde7d2e.jpeg"},"12":{"flag":0,"image_id":"111501034482335842","image_url":"https://files.mastodon.social/cache/media_attachments/files/111/501/034/482/335/842/original/ae9f573126e9a890.jpeg"},"2":{"flag":0,"image_id":"111498675259699154","image_url":"https://files.mastodon.social/cache/media_attachments/files/111/498/675/259/699/154/original/7937a4b145267108.jpeg"},"3":{"flag":0,"image_id":"111498911009731882","image_url":"https://files.mastodon.social/cache/media_attachments/files/111/498/911/009/731/882/original/dff3f8864d0491b5.jpeg"},"4":{"flag":0,"image_id":"111499147106372870","image_url":"https://files.mastodon.social/cache/media_attachments/files/111/499/147/106/372/870/original/c31688d234a436b0.jpeg"},"5":{"flag":0,"image_id":"111499384863537542","image_url":"https://files.mastodon.social/cache/media_attachments/files/111/499/384/863/537/542/original/26624343b8760ff0.jpeg"},"6":{"flag":0,"image_id":"111499618790940048","image_url":"https://files.mastodon.social/cache/media_attachments/files/111/499/618/790/940/048/original/ae3360b5e547f4c6.jpeg"},"7":{"flag":0,"image_id":"111499854767359136","image_url":"https://files.mastodon.social/cache/media_attachments/files/111/499/854/767/359/136/original/4adb9a9fe4db0eb8.jpeg"},"8":{"flag":0,"image_id":"111500090625048108","image_url":"https://files.mastodon.social/cache/media_attachments/files/111/500/090/625/048/108/original/2d3bfcde6778af0a.jpeg"},"9":{"flag":0,"image_id":"111500326663116064","image_url":"https://files.mastodon.social/cache/media_attachments/files/111/500/326/663/116/064/original/2bd02538c182d308.jpeg"},"level":"info","message":"Data Read:","timestamp":"2023-11-30T19:43:06.774Z"}
{"level":"info","message":"Image downloaded successfully: OutputImages/111499854767359136.png","timestamp":"2023-11-30T19:43:07.807Z"}
{"level":"info","message":"Image downloaded successfully: OutputImages/111498675259699154.png","timestamp":"2023-11-30T19:43:08.188Z"}
{"level":"info","message":"Image downloaded successfully: OutputImages/111500090625048108.png","timestamp":"2023-11-30T19:43:08.506Z"}
{"level":"info","message":"Image downloaded successfully: OutputImages/111501034482335842.png","timestamp":"2023-11-30T19:43:09.454Z"}
{"level":"info","message":"Image downloaded successfully: OutputImages/111499384863537542.png","timestamp":"2023-11-30T19:43:09.600Z"}
{"level":"info","message":"Image downloaded successfully: OutputImages/111500562630476522.png","timestamp":"2023-11-30T19:43:09.864Z"}
{"level":"info","message":"Image downloaded successfully: OutputImages/111500326663116064.png","timestamp":"2023-11-30T19:43:10.034Z"}
{"level":"info","message":"Image downloaded successfully: OutputImages/111498439203706330.png","timestamp":"2023-11-30T19:43:10.130Z"}
{"level":"info","message":"Image downloaded successfully: OutputImages/111498911009731882.png","timestamp":"2023-11-30T19:43:10.768Z"}
{"level":"info","message":"Image downloaded successfully: OutputImages/111498203389655475.png","timestamp":"2023-11-30T19:43:10.774Z"}
{"level":"info","message":"Image downloaded successfully: OutputImages/111499618790940048.png","timestamp":"2023-11-30T19:43:11.001Z"}
{"level":"info","message":"Image downloaded successfully: OutputImages/111500798461367378.png","timestamp":"2023-11-30T19:43:12.280Z"}
{"level":"info","message":"Image downloaded successfully: OutputImages/111499147106372870.png","timestamp":"2023-11-30T19:43:12.591Z"}
{"level":"info","message":"Image Bot Started","timestamp":"2023-11-30T19:43:29.483Z"}
{"level":"info","message":"Read Timeline Bot Started","timestamp":"2023-11-30T19:56:21.310Z"}
{"level":"info","message":"Fetching image list from the home timeline...","timestamp":"2023-11-30T19:56:21.331Z"}
{"level":"info","message":"Connected!","timestamp":"2023-11-30T19:56:21.475Z"}
{"0":{"imageId":"111501034482335842","imageUrl":"https://files.mastodon.social/cache/media_attachments/files/111/501/034/482/335/842/original/ae9f573126e9a890.jpeg"},"1":{"imageId":"111500798461367378","imageUrl":"https://files.mastodon.social/cache/media_attachments/files/111/500/798/461/367/378/original/0067e1ad3fde7d2e.jpeg"},"2":{"imageId":"111500562630476522","imageUrl":"https://files.mastodon.social/cache/media_attachments/files/111/500/562/630/476/522/original/864621d66de280cb.jpeg"},"3":{"imageId":"111500326663116064","imageUrl":"https://files.mastodon.social/cache/media_attachments/files/111/500/326/663/116/064/original/2bd02538c182d308.jpeg"},"level":"info","message":"Image list fetched successfully:","timestamp":"2023-11-30T19:56:22.475Z"}
{"level":"info","message":"MySQL connection released.","timestamp":"2023-11-30T19:56:22.884Z"}
{"level":"info","message":"Connection pool closed.","timestamp":"2023-11-30T19:56:22.886Z"}
{"level":"info","message":"Data Read:","timestamp":"2023-11-30T19:56:33.130Z"}
{"level":"info","message":"Image Bot Started","timestamp":"2023-11-30T19:56:47.593Z"}
{"level":"info","message":"Read Timeline Bot Started","timestamp":"2023-11-30T20:03:25.068Z"}
{"level":"info","message":"Fetching image list from the home timeline...","timestamp":"2023-11-30T20:03:25.081Z"}
{"level":"info","message":"Connected!","timestamp":"2023-11-30T20:03:25.310Z"}
{"0":{"imageId":"111501270578228364","imageUrl":"https://files.mastodon.social/cache/media_attachments/files/111/501/270/578/228/364/original/548d31a19a0babda.jpeg"},"1":{"imageId":"111501034482335842","imageUrl":"https://files.mastodon.social/cache/media_attachments/files/111/501/034/482/335/842/original/ae9f573126e9a890.jpeg"},"10":{"imageId":"111498911009731882","imageUrl":"https://files.mastodon.social/cache/media_attachments/files/111/498/911/009/731/882/original/dff3f8864d0491b5.jpeg"},"11":{"imageId":"111498675259699154","imageUrl":"https://files.mastodon.social/cache/media_attachments/files/111/498/675/259/699/154/original/7937a4b145267108.jpeg"},"12":{"imageId":"111498439203706330","imageUrl":"https://files.mastodon.social/cache/media_attachments/files/111/498/439/203/706/330/original/a8944aa52a8bcdd9.jpeg"},"2":{"imageId":"111500798461367378","imageUrl":"https://files.mastodon.social/cache/media_attachments/files/111/500/798/461/367/378/original/0067e1ad3fde7d2e.jpeg"},"3":{"imageId":"111500562630476522","imageUrl":"https://files.mastodon.social/cache/media_attachments/files/111/500/562/630/476/522/original/864621d66de280cb.jpeg"},"4":{"imageId":"111500326663116064","imageUrl":"https://files.mastodon.social/cache/media_attachments/files/111/500/326/663/116/064/original/2bd02538c182d308.jpeg"},"5":{"imageId":"111500090625048108","imageUrl":"https://files.mastodon.social/cache/media_attachments/files/111/500/090/625/048/108/original/2d3bfcde6778af0a.jpeg"},"6":{"imageId":"111499854767359136","imageUrl":"https://files.mastodon.social/cache/media_attachments/files/111/499/854/767/359/136/original/4adb9a9fe4db0eb8.jpeg"},"7":{"imageId":"111499618790940048","imageUrl":"https://files.mastodon.social/cache/media_attachments/files/111/499/618/790/940/048/original/ae3360b5e547f4c6.jpeg"},"8":{"imageId":"111499384863537542","imageUrl":"https://files.mastodon.social/cache/media_attachments/files/111/499/384/863/537/542/original/26624343b8760ff0.jpeg"},"9":{"imageId":"111499147106372870","imageUrl":"https://files.mastodon.social/cache/media_attachments/files/111/499/147/106/372/870/original/c31688d234a436b0.jpeg"},"level":"info","message":"Image list fetched successfully:","timestamp":"2023-11-30T20:03:26.212Z"}
{"level":"info","message":"Inserted new record with image_id: 111501270578228364","timestamp":"2023-11-30T20:03:26.969Z"}
{"level":"info","message":"MySQL connection released.","timestamp":"2023-11-30T20:03:26.970Z"}
{"level":"info","message":"Connection pool closed.","timestamp":"2023-11-30T20:03:26.971Z"}
{"0":{"flag":0,"image_id":"111501270578228364","image_url":"https://files.mastodon.social/cache/media_attachments/files/111/501/270/578/228/364/original/548d31a19a0babda.jpeg"},"level":"info","message":"Data Read:","timestamp":"2023-11-30T20:03:27.192Z"}
{"level":"info","message":"Image downloaded successfully: OutputImages/111501270578228364.png","timestamp":"2023-11-30T20:03:28.693Z"}
{"level":"info","message":"Image Bot Started","timestamp":"2023-11-30T20:03:28.934Z"}
